[2024-06-03T22:51:44.595825+02:00] info.INFO: Zatwierdzono email: 803dc594c03a1b83f1a199bce666609f699e98f68af3e08860ba8318c2a5d317adc1142700f25b689f4186ef9722c104cd31 [] []
[2024-06-03T22:51:44.611928+02:00] info.INFO: Urzytkowanik o ip: ::1 prosi o akcje: /megusta/confirmed [] []
[2024-06-03T22:51:47.462570+02:00] info.INFO: Urzytkowanik o ip: ::1 prosi o akcje: /megusta/index [] []
[2024-06-03T22:51:54.877232+02:00] info.INFO: Urzytkowanik o ip: ::1 prosi o akcje: /megusta/index [] []
[2024-06-03T22:53:27.385047+02:00] info.INFO: Urzytkowanik o ip: ::1 prosi o akcje: /megusta/index [] []
[2024-06-03T22:54:05.549013+02:00] info.INFO: Urzytkowanik o ip: ::1 prosi o akcje: /megusta/index [] []
[2024-06-03T23:02:15.554458+02:00] info.INFO: Użytkowanik o ip: ::1 prosi o akcje: /megusta/index [] []
[2024-06-03T23:02:17.216996+02:00] info.INFO: Użytkowanik o ip: ::1 prosi o akcje: /megusta/login [] []
[2024-06-03T23:05:07.273611+02:00] info.INFO: Użytkowanik o ip: ::1 prosi o akcje: /megusta/bdlogin [] []
[2024-06-03T23:05:10.054799+02:00] info.INFO: Użytkowanik o ip: ::1 prosi o akcje: /megusta/login [] []
[2024-06-03T23:05:15.421807+02:00] info.INFO: Zalogowano nowego użytkownika: kierownikprojektu12@gmail.com [] []
[2024-06-03T23:05:15.642287+02:00] info.INFO: Użytkowanik o ip: ::1 prosi o akcje: /megusta/logged [] []
[2024-06-03T23:05:21.635873+02:00] info.INFO: Użytkowanik o ip: ::1 prosi o akcje: /megusta/index [] []
[2024-06-03T23:13:07.102759+02:00] info.INFO: Użytkowanik o ip: ::1 prosi o akcje: /megusta/index [] []
[2024-06-03T23:13:29.553620+02:00] info.INFO: Użytkowanik o ip: ::1 prosi o akcje: /megusta/index [] []
[2024-06-03T23:16:29.335238+02:00] info.INFO: Użytkowanik o ip: ::1 prosi o akcje: /megusta/index [] []
[2024-06-03T23:32:53.343874+02:00] info.INFO: Użytkowanik o ip: ::1 prosi o akcje: /megusta/index [] []
[2024-06-03T23:35:58.459974+02:00] info.INFO: Użytkowanik o ip: ::1 prosi o akcje: /megusta/index [] []
[2024-06-03T23:36:01.913786+02:00] info.INFO: Użytkowanik o ip: ::1 prosi o akcje: /megusta/index [] []
[2024-06-03T23:47:20.254145+02:00] info.INFO: Użytkowanik o ip: ::1 prosi o akcje: /megusta/addProduds [] []
[2024-06-03T23:47:20.307131+02:00] info.INFO: Użytkowanik o ip: ::1 prosi o akcje: /megusta/index [] []
[2024-06-03T23:56:51.520349+02:00] info.INFO: Użytkowanik o ip: ::1 prosi o akcje: /megusta/index [] []
