[2024-06-04T00:02:48.275520+02:00] info.INFO: Użytkowanik o ip: ::1 prosi o akcje: /megusta/index [] []
[2024-06-04T00:03:33.979601+02:00] info.INFO: Użytkowanik o ip: ::1 prosi o akcje: /megusta/index [] []
[2024-06-04T00:04:15.661861+02:00] info.INFO: Użytkowanik o ip: ::1 prosi o akcje: /megusta/index [] []
[2024-06-04T00:04:15.677199+02:00] info.INFO: Użytkowanik o ip: ::1 prosi o akcje: /megusta/index [] []
[2024-06-04T00:04:22.056787+02:00] info.INFO: Użytkowanik o ip: ::1 prosi o akcje: /megusta/in [] []
[2024-06-04T00:04:22.075412+02:00] info.INFO: Użytkowanik o ip: ::1 prosi o akcje: /megusta/index [] []
[2024-06-04T00:04:27.869363+02:00] info.INFO: Użytkowanik o ip: ::1 prosi o akcje: /megusta/index [] []
[2024-06-04T00:04:30.971432+02:00] info.INFO: Użytkowanik o ip: ::1 prosi o akcje: /megusta/index [] []
[2024-06-04T00:04:32.332391+02:00] info.INFO: Użytkowanik o ip: ::1 prosi o akcje: /megusta/index [] []
[2024-06-04T00:04:35.279452+02:00] info.INFO: Użytkowanik o ip: ::1 prosi o akcje: /megusta/index [] []
[2024-06-04T00:04:48.690306+02:00] info.INFO: Użytkowanik o ip: ::1 prosi o akcje: /megusta/index [] []
[2024-06-04T00:08:26.581566+02:00] info.INFO: Użytkowanik o ip: ::1 prosi o akcje: /megusta/index [] []
[2024-06-04T00:09:13.575138+02:00] info.INFO: Użytkowanik o ip: ::1 prosi o akcje: /megusta/index [] []
[2024-06-04T00:09:17.077695+02:00] info.INFO: Użytkowanik o ip: ::1 prosi o akcje: /megusta/index [] []
[2024-06-04T00:09:25.375380+02:00] info.INFO: Użytkowanik o ip: ::1 prosi o akcje: /megusta/index [] []
[2024-06-04T00:11:29.944516+02:00] info.INFO: Użytkowanik o ip: ::1 prosi o akcje: /megusta/index [] []
[2024-06-04T00:11:36.329578+02:00] info.INFO: Użytkowanik o ip: ::1 prosi o akcje: /megusta/index [] []
[2024-06-04T00:12:57.844324+02:00] info.INFO: Użytkowanik o ip: ::1 prosi o akcje: /megusta/index [] []
[2024-06-04T00:14:14.211740+02:00] info.INFO: Użytkowanik o ip: ::1 prosi o akcje: /megusta/index [] []
[2024-06-04T00:14:19.426412+02:00] info.INFO: Użytkowanik o ip: ::1 prosi o akcje: /megusta/index [] []
[2024-06-04T00:15:25.378195+02:00] info.INFO: Użytkowanik o ip: ::1 prosi o akcje: /megusta/index [] []
[2024-06-04T00:17:57.011773+02:00] info.INFO: Użytkowanik o ip: ::1 prosi o akcje: /megusta/index [] []
[2024-06-04T00:18:59.265569+02:00] info.INFO: Użytkowanik o ip: ::1 prosi o akcje: /megusta/index [] []
[2024-06-04T00:19:28.189704+02:00] info.INFO: Użytkowanik o ip: ::1 prosi o akcje: /megusta/index [] []
[2024-06-04T00:20:01.905394+02:00] info.INFO: Użytkowanik o ip: ::1 prosi o akcje: /megusta/index [] []
[2024-06-04T00:21:36.096908+02:00] info.INFO: Użytkowanik o ip: ::1 prosi o akcje: /megusta/index [] []
[2024-06-04T00:22:45.192739+02:00] info.INFO: Użytkowanik o ip: ::1 prosi o akcje: /megusta/index [] []
[2024-06-04T00:23:28.108846+02:00] info.INFO: Użytkowanik o ip: ::1 prosi o akcje: /megusta/index [] []
[2024-06-04T00:24:46.505864+02:00] info.INFO: Użytkowanik o ip: ::1 prosi o akcje: /megusta/index [] []
[2024-06-04T00:24:59.047130+02:00] info.INFO: Użytkowanik o ip: ::1 prosi o akcje: /megusta/index [] []
[2024-06-04T00:25:46.678088+02:00] info.INFO: Użytkowanik o ip: ::1 prosi o akcje: /megusta/index [] []
[2024-06-04T00:28:27.355952+02:00] info.INFO: Użytkowanik o ip: ::1 prosi o akcje: /megusta/index [] []
[2024-06-04T00:32:23.973209+02:00] info.INFO: Użytkowanik o ip: ::1 prosi o akcje: /megusta/index [] []
[2024-06-04T00:33:23.433422+02:00] info.INFO: Użytkowanik o ip: ::1 prosi o akcje: /megusta/index [] []
[2024-06-04T00:33:36.819711+02:00] info.INFO: Użytkowanik o ip: ::1 prosi o akcje: /megusta/index [] []
[2024-06-04T00:37:47.115510+02:00] info.INFO: Użytkowanik o ip: ::1 prosi o akcje: /megusta/index [] []
[2024-06-04T00:39:13.677400+02:00] info.INFO: Użytkowanik o ip: ::1 prosi o akcje: /megusta/index [] []
[2024-06-04T00:39:38.657739+02:00] info.INFO: Użytkowanik o ip: ::1 prosi o akcje: /megusta/index [] []
[2024-06-04T00:39:47.748643+02:00] info.INFO: Użytkowanik o ip: ::1 prosi o akcje: /megusta/index [] []
[2024-06-04T00:40:11.970572+02:00] info.INFO: Użytkowanik o ip: ::1 prosi o akcje: /megusta/index [] []
[2024-06-04T00:40:19.051752+02:00] info.INFO: Użytkowanik o ip: ::1 prosi o akcje: /megusta/index [] []
[2024-06-04T00:40:28.118938+02:00] info.INFO: Użytkowanik o ip: ::1 prosi o akcje: /megusta/index [] []
[2024-06-04T00:40:39.233483+02:00] info.INFO: Użytkowanik o ip: ::1 prosi o akcje: /megusta/index [] []
[2024-06-04T00:41:37.219933+02:00] info.INFO: Użytkowanik o ip: ::1 prosi o akcje: /megusta/index [] []
[2024-06-04T00:42:07.323617+02:00] info.INFO: Użytkowanik o ip: ::1 prosi o akcje: /megusta/index [] []
[2024-06-04T00:42:43.881630+02:00] info.INFO: Użytkowanik o ip: ::1 prosi o akcje: /megusta/index [] []
[2024-06-04T00:43:01.740437+02:00] info.INFO: Użytkowanik o ip: ::1 prosi o akcje: /megusta/index [] []
[2024-06-04T00:43:17.596483+02:00] info.INFO: Użytkowanik o ip: ::1 prosi o akcje: /megusta/index [] []
[2024-06-04T00:43:24.834444+02:00] info.INFO: Użytkowanik o ip: ::1 prosi o akcje: /megusta/index [] []
[2024-06-04T00:43:31.164612+02:00] info.INFO: Użytkowanik o ip: ::1 prosi o akcje: /megusta/index [] []
[2024-06-04T01:22:11.849472+02:00] info.INFO: Użytkowanik o ip: ::1 prosi o akcje: /megusta/kontakt [] []
[2024-06-04T01:23:56.421168+02:00] info.INFO: Użytkowanik o ip: 192.168.100.153 prosi o akcje: /megusta/ [] []
[2024-06-04T01:23:56.472701+02:00] info.INFO: Użytkowanik o ip: 192.168.100.153 prosi o akcje: /megusta/index [] []
[2024-06-04T01:24:06.574820+02:00] info.INFO: Użytkowanik o ip: 192.168.100.153 prosi o akcje: /megusta/index [] []
[2024-06-04T01:24:08.574959+02:00] info.INFO: Użytkowanik o ip: 192.168.100.153 prosi o akcje: /megusta/index [] []
[2024-06-04T01:24:10.005590+02:00] info.INFO: Użytkowanik o ip: 192.168.100.153 prosi o akcje: /megusta/index [] []
[2024-06-04T01:24:11.037278+02:00] info.INFO: Użytkowanik o ip: 192.168.100.153 prosi o akcje: /megusta/index [] []
[2024-06-04T01:24:15.659306+02:00] info.INFO: Użytkowanik o ip: 192.168.100.153 prosi o akcje: /megusta/index [] []
[2024-06-04T01:24:33.811183+02:00] info.INFO: Użytkowanik o ip: 192.168.100.153 prosi o akcje: /megusta/about [] []
[2024-06-04T01:24:35.678305+02:00] info.INFO: Użytkowanik o ip: 192.168.100.153 prosi o akcje: /megusta/policy [] []
[2024-06-04T01:24:41.338356+02:00] info.INFO: Użytkowanik o ip: 192.168.100.153 prosi o akcje: /megusta/login [] []
[2024-06-04T01:24:45.238548+02:00] info.INFO: Użytkowanik o ip: 192.168.100.153 prosi o akcje: /megusta/index [] []
[2024-06-04T09:53:04.386058+02:00] info.INFO: Użytkowanik o ip: ::1 prosi o akcje: /megusta/index [] []
[2024-06-04T09:53:07.821634+02:00] info.INFO: Użytkowanik o ip: ::1 prosi o akcje: /megusta/login [] []
[2024-06-04T09:53:11.318117+02:00] info.INFO: Użytkowanik o ip: ::1 prosi o akcje: /megusta/register [] []
[2024-06-04T09:53:22.120180+02:00] info.INFO: Użytkownik samuelbitner06@gmail.com juz istnieje próbował jeszcze raz [] []
[2024-06-04T09:53:22.366083+02:00] info.INFO: Użytkowanik o ip: ::1 prosi o akcje: /megusta/bdregister [] []
[2024-06-04T09:53:25.429695+02:00] info.INFO: Użytkowanik o ip: ::1 prosi o akcje: /megusta/login [] []
[2024-06-04T09:53:36.051071+02:00] info.INFO: Użytkowanik o ip: ::1 prosi o akcje: /megusta/bdlogin [] []
[2024-06-04T09:53:38.445969+02:00] info.INFO: Użytkowanik o ip: ::1 prosi o akcje: /megusta/login [] []
[2024-06-04T09:53:52.387957+02:00] info.INFO: Użytkowanik o ip: ::1 prosi o akcje: /megusta/bdlogin [] []
[2024-06-04T09:54:19.808945+02:00] info.INFO: Użytkowanik o ip: ::1 prosi o akcje: /megusta/login [] []
[2024-06-04T09:54:34.035546+02:00] info.INFO: Użytkowanik o ip: ::1 prosi o akcje: /megusta/bdlogin [] []
[2024-06-04T09:54:36.804533+02:00] info.INFO: Użytkowanik o ip: ::1 prosi o akcje: /megusta/login [] []
[2024-06-04T09:54:48.698528+02:00] info.INFO: Użytkowanik o ip: ::1 prosi o akcje: /megusta/bdlogin [] []
[2024-06-04T09:54:50.854447+02:00] info.INFO: Użytkowanik o ip: ::1 prosi o akcje: /megusta/login [] []
[2024-06-04T09:54:55.424701+02:00] info.INFO: Użytkowanik o ip: ::1 prosi o akcje: /megusta/bdlogin [] []
[2024-06-04T09:54:57.478309+02:00] info.INFO: Użytkowanik o ip: ::1 prosi o akcje: /megusta/login [] []
[2024-06-04T09:55:02.648636+02:00] info.INFO: Użytkowanik o ip: ::1 prosi o akcje: /megusta/bdlogin [] []
[2024-06-04T09:55:05.855978+02:00] info.INFO: Użytkowanik o ip: ::1 prosi o akcje: /megusta/login [] []
[2024-06-04T09:55:27.373217+02:00] info.INFO: Użytkowanik o ip: ::1 prosi o akcje: /megusta/register [] []
[2024-06-04T09:55:41.245361+02:00] info.INFO: Zarejstrowano nowego użytkownika: sami o mailu: samuelbitner06@gmail.com [] []
[2024-06-04T09:55:41.275110+02:00] info.INFO: Użytkowanik o ip: ::1 prosi o akcje: /megusta/checkmail [] []
[2024-06-04T09:56:14.164158+02:00] info.INFO: Użytkowanik o ip: ::1 prosi o akcje: /megusta/index [] []
[2024-06-04T09:58:00.472451+02:00] info.INFO: Użytkowanik o ip: ::1 prosi o akcje: /megusta/index [] []
[2024-06-04T10:07:41.457884+02:00] info.INFO: Użytkowanik o ip: ::1 prosi o akcje: /megusta/index [] []
[2024-06-04T10:16:00.089535+02:00] info.INFO: Użytkowanik o ip: ::1 prosi o akcje: /megusta/index [] []
[2024-06-04T10:57:00.939167+02:00] info.INFO: Użytkowanik o ip: ::1 prosi o akcje: /megusta/login [] []
[2024-06-04T10:57:17.859402+02:00] info.INFO: Zalogowano nowego użytkownika: samuelbitner06@gmail.com [] []
[2024-06-04T10:57:18.084217+02:00] info.INFO: Użytkowanik o ip: ::1 prosi o akcje: /megusta/logged [] []
[2024-06-04T10:57:21.101437+02:00] info.INFO: Użytkowanik o ip: ::1 prosi o akcje: /megusta/index [] []
[2024-06-04T10:57:33.438023+02:00] info.INFO: Użytkowanik o ip: ::1 prosi o akcje: /megusta/index [] []
[2024-06-04T10:57:43.046558+02:00] info.INFO: Użytkowanik o ip: ::1 prosi o akcje: /megusta/index [] []
[2024-06-04T10:57:51.002567+02:00] info.INFO: Użytkowanik o ip: ::1 prosi o akcje: /megusta/index [] []
[2024-06-04T10:58:04.795081+02:00] info.INFO: Użytkowanik o ip: ::1 prosi o akcje: /megusta/index [] []
[2024-06-04T10:58:24.981691+02:00] info.INFO: Użytkowanik o ip: ::1 prosi o akcje: /megusta/about [] []
[2024-06-04T10:58:28.446069+02:00] info.INFO: Użytkowanik o ip: ::1 prosi o akcje: /megusta/kontakt [] []
[2024-06-04T10:58:30.815073+02:00] info.INFO: Użytkowanik o ip: ::1 prosi o akcje: /megusta/index [] []
[2024-06-04T11:00:39.904245+02:00] info.INFO: Użytkowanik o ip: ::1 prosi o akcje: /megusta/index [] []
[2024-06-04T11:00:43.005050+02:00] info.INFO: Użytkowanik o ip: ::1 prosi o akcje: /megusta/confirm [] []
[2024-06-04T11:00:43.145722+02:00] info.INFO: Zatwierdzono email: 8378dbd65939627ec02401969231c045b464b8d04f6b212cf877d5cd4ff33495f809e47c3d7fecbd460b07cad377c63bfd04 [] []
[2024-06-04T11:00:43.406958+02:00] info.INFO: Użytkowanik o ip: ::1 prosi o akcje: /megusta/confirmed [] []
[2024-06-04T11:00:50.265947+02:00] info.INFO: Użytkowanik o ip: ::1 prosi o akcje: /megusta/confirmed [] []
[2024-06-04T11:00:52.586727+02:00] info.INFO: Użytkowanik o ip: ::1 prosi o akcje: /megusta/confirm?tak [] []
[2024-06-04T11:00:52.626959+02:00] info.INFO: Użytkowanik o ip: ::1 prosi o akcje: /megusta/index [] []
[2024-06-04T11:01:51.096887+02:00] info.INFO: Użytkowanik o ip: ::1 prosi o akcje: /megusta/confirmed [] []
[2024-06-04T11:01:56.372815+02:00] info.INFO: Użytkowanik o ip: ::1 prosi o akcje: /megusta/confirm.php?name1=value1&name2=value2 [] []
[2024-06-04T11:01:56.399882+02:00] info.INFO: Użytkowanik o ip: ::1 prosi o akcje: /megusta/index [] []
[2024-06-04T11:03:22.551685+02:00] info.INFO: Zatwierdzono email: 8378dbd65939627ec02401969231c045b464b8d04f6b212cf877d5cd4ff33495f809e47c3d7fecbd460b07cad377c63bfd04 [] []
[2024-06-04T11:03:41.732848+02:00] info.INFO: Zatwierdzono email: 8378dbd65939627ec02401969231c045b464b8d04f6b212cf877d5cd4ff33495f809e47c3d7fecbd460b07cad377c63bfd04 [] []
[2024-06-04T11:12:59.479577+02:00] info.INFO: Użytkowanik o ip: ::1 prosi o akcje: /megusta/index [] []
[2024-06-04T11:13:02.888450+02:00] info.INFO: Użytkowanik o ip: ::1 prosi o akcje: /megusta/login [] []
[2024-06-04T11:13:05.525646+02:00] info.INFO: Użytkowanik o ip: ::1 prosi o akcje: /megusta/register [] []
[2024-06-04T11:13:20.350038+02:00] info.INFO: Zarejstrowano nowego użytkownika: sami o mailu: samuelbitner06@gmail.com [] []
[2024-06-04T11:13:20.384684+02:00] info.INFO: Użytkowanik o ip: ::1 prosi o akcje: /megusta/checkmail [] []
[2024-06-04T11:18:11.711325+02:00] info.INFO: Użytkownik samuelbitner06@gmail.com juz istnieje próbował jeszcze raz [] []
[2024-06-04T11:18:13.284186+02:00] info.INFO: Użytkowanik o ip: ::1 prosi o akcje: /megusta/bdregister [] []
[2024-06-04T11:20:27.063190+02:00] info.INFO: Zarejstrowano nowego użytkownika: sami o mailu: samuelbitner06@gmail.com [] []
[2024-06-04T11:20:28.741616+02:00] info.INFO: Użytkowanik o ip: ::1 prosi o akcje: /megusta/checkmail [] []
[2024-06-04T11:25:02.032047+02:00] info.INFO: Zatwierdzono email urzytkownika o id: 39 [] []
[2024-06-04T11:25:02.127802+02:00] info.INFO: Użytkowanik o ip: ::1 prosi o akcje: /megusta/confirmed [] []
[2024-06-04T11:29:21.519926+02:00] info.INFO: Użytkowanik o ip: ::1 prosi o akcje: /megusta/index [] []
[2024-06-04T11:29:42.017847+02:00] info.INFO: Użytkowanik o ip: ::1 prosi o akcje: /megusta/index [] []
[2024-06-04T11:29:44.218917+02:00] info.INFO: Użytkowanik o ip: ::1 prosi o akcje: /megusta/login [] []
[2024-06-04T11:29:46.685241+02:00] info.INFO: Użytkowanik o ip: ::1 prosi o akcje: /megusta/register [] []
[2024-06-04T11:29:57.699855+02:00] info.INFO: Zarejstrowano nowego użytkownika: sami o mailu: samuelbitner06@gmail.com [] []
[2024-06-04T11:29:57.929519+02:00] info.INFO: Użytkowanik o ip: ::1 prosi o akcje: /megusta/checkmail [] []
[2024-06-04T11:30:48.783323+02:00] info.INFO: Zatwierdzono email urzytkownika o id: 40 [] []
[2024-06-04T11:30:48.796062+02:00] info.INFO: Użytkowanik o ip: ::1 prosi o akcje: /megusta/confirmed [] []
[2024-06-04T11:30:52.276653+02:00] info.INFO: Użytkowanik o ip: ::1 prosi o akcje: /megusta/index [] []
[2024-06-04T11:34:11.157831+02:00] info.INFO: Użytkowanik o ip: ::1 prosi o akcje: /megusta/index [] []
[2024-06-04T11:42:49.147227+02:00] info.INFO: Użytkowanik o ip: ::1 prosi o akcje: /megusta/index [] []
[2024-06-04T11:42:57.780998+02:00] info.INFO: Użytkowanik o ip: ::1 prosi o akcje: /megusta/index [] []
[2024-06-04T11:43:24.873797+02:00] info.INFO: Użytkowanik o ip: ::1 prosi o akcje: /megusta/index [] []
[2024-06-04T11:43:48.227003+02:00] info.INFO: Użytkowanik o ip: ::1 prosi o akcje: /megusta/index [] []
[2024-06-04T11:44:22.349874+02:00] info.INFO: Użytkowanik o ip: ::1 prosi o akcje: /megusta/index [] []
[2024-06-04T11:45:03.100881+02:00] info.INFO: Użytkowanik o ip: ::1 prosi o akcje: /megusta/index [] []
[2024-06-04T11:45:09.858701+02:00] info.INFO: Użytkowanik o ip: ::1 prosi o akcje: /megusta/index [] []
[2024-06-04T11:45:31.570955+02:00] info.INFO: Użytkowanik o ip: ::1 prosi o akcje: /megusta/index [] []
[2024-06-04T11:46:49.383026+02:00] info.INFO: Użytkowanik o ip: ::1 prosi o akcje: /megusta/index [] []
[2024-06-04T11:47:07.157544+02:00] info.INFO: Użytkowanik o ip: ::1 prosi o akcje: /megusta/index [] []
[2024-06-04T11:48:07.836050+02:00] info.INFO: Użytkowanik o ip: ::1 prosi o akcje: /megusta/index [] []
[2024-06-04T11:48:46.619132+02:00] info.INFO: Użytkowanik o ip: ::1 prosi o akcje: /megusta/index [] []
[2024-06-04T11:49:23.113660+02:00] info.INFO: Użytkowanik o ip: ::1 prosi o akcje: /megusta/index [] []
[2024-06-04T11:49:28.064389+02:00] info.INFO: Użytkowanik o ip: ::1 prosi o akcje: /megusta/about [] []
[2024-06-04T11:49:31.189306+02:00] info.INFO: Użytkowanik o ip: ::1 prosi o akcje: /megusta/kontakt [] []
[2024-06-04T11:49:35.198901+02:00] info.INFO: Użytkowanik o ip: ::1 prosi o akcje: /megusta/about [] []
[2024-06-04T11:50:20.176557+02:00] info.INFO: Użytkowanik o ip: ::1 prosi o akcje: /megusta/about [] []
[2024-06-04T11:50:33.618429+02:00] info.INFO: Użytkowanik o ip: ::1 prosi o akcje: /megusta/about [] []
[2024-06-04T11:50:41.698224+02:00] info.INFO: Użytkowanik o ip: ::1 prosi o akcje: /megusta/about [] []
[2024-06-04T11:50:44.576550+02:00] info.INFO: Użytkowanik o ip: ::1 prosi o akcje: /megusta/kontakt [] []
[2024-06-04T11:51:07.300881+02:00] info.INFO: Użytkowanik o ip: ::1 prosi o akcje: /megusta/about [] []
[2024-06-04T11:51:09.583357+02:00] info.INFO: Użytkowanik o ip: ::1 prosi o akcje: /megusta/kontakt [] []
[2024-06-04T11:51:43.010029+02:00] info.INFO: Użytkowanik o ip: ::1 prosi o akcje: /megusta/index [] []
[2024-06-04T11:52:00.338577+02:00] info.INFO: Użytkowanik o ip: ::1 prosi o akcje: /megusta/index [] []
[2024-06-04T11:52:03.938156+02:00] info.INFO: Użytkowanik o ip: ::1 prosi o akcje: /megusta/index [] []
[2024-06-04T11:52:07.178978+02:00] info.INFO: Użytkowanik o ip: ::1 prosi o akcje: /megusta/index [] []
[2024-06-04T11:52:22.199697+02:00] info.INFO: Użytkowanik o ip: ::1 prosi o akcje: /megusta/index [] []
[2024-06-04T11:52:58.957684+02:00] info.INFO: Użytkowanik o ip: ::1 prosi o akcje: /megusta/index [] []
[2024-06-04T11:55:58.239995+02:00] info.INFO: Użytkowanik o ip: ::1 prosi o akcje: /megusta/index [] []
[2024-06-04T16:04:46.924511+02:00] info.INFO: Użytkowanik o ip: ::1 prosi o akcje: /megusta/index [] []
[2024-06-04T16:04:52.812262+02:00] info.INFO: Użytkowanik o ip: ::1 prosi o akcje: /megusta/index [] []
[2024-06-04T16:04:54.675996+02:00] info.INFO: Użytkowanik o ip: ::1 prosi o akcje: /megusta/index [] []
[2024-06-04T21:21:05.315896+02:00] info.INFO: Użytkowanik o ip: ::1 prosi o akcje: /megusta/index [] []
[2024-06-04T21:23:33.684351+02:00] info.INFO: Użytkowanik o ip: ::1 prosi o akcje: /megusta/index/about [] []
[2024-06-04T21:23:33.790623+02:00] info.INFO: Użytkowanik o ip: ::1 prosi o akcje: /megusta/index/img/en.png [] []
[2024-06-04T21:23:33.800253+02:00] info.INFO: Użytkowanik o ip: ::1 prosi o akcje: /megusta/index/img/mleko32.jpg [] []
[2024-06-04T21:23:33.808039+02:00] info.INFO: Użytkowanik o ip: ::1 prosi o akcje: /megusta/index/img/plik_1717452689.webp [] []
[2024-06-04T21:23:33.815011+02:00] info.INFO: Użytkowanik o ip: ::1 prosi o akcje: /megusta/index/img/plik_17174528545.jpg [] []
[2024-06-04T21:23:33.824423+02:00] info.INFO: Użytkowanik o ip: ::1 prosi o akcje: /megusta/index/img/mleko2.jpg [] []
[2024-06-04T21:24:01.732446+02:00] info.INFO: Użytkowanik o ip: ::1 prosi o akcje: /megusta/login [] []
[2024-06-04T21:24:50.926929+02:00] info.INFO: Użytkowanik o ip: ::1 prosi o akcje: /megusta/index [] []
[2024-06-04T21:24:57.768435+02:00] info.INFO: Użytkowanik o ip: ::1 prosi o akcje: /megusta/vasvckvsvcsf [] []
[2024-06-04T21:24:57.790051+02:00] info.INFO: Użytkowanik o ip: ::1 prosi o akcje: /megusta/index [] []
[2024-06-04T21:25:48.843067+02:00] info.INFO: Użytkowanik o ip: ::1 prosi o akcje: /megusta/login [] []
[2024-06-04T21:26:50.567289+02:00] info.INFO: Użytkowanik o ip: ::1 prosi o akcje: /megusta/login [] []
[2024-06-04T21:26:51.454734+02:00] info.INFO: Użytkowanik o ip: ::1 prosi o akcje: /megusta/logged [] []
[2024-06-04T21:27:48.078555+02:00] info.INFO: Użytkowanik o ip: ::1 prosi o akcje: /megusta/login [] []
[2024-06-04T21:27:50.059178+02:00] info.INFO: Użytkowanik o ip: ::1 prosi o akcje: /megusta/register [] []
[2024-06-04T21:32:09.558801+02:00] info.INFO: Użytkowanik o ip: ::1 prosi o akcje: /megusta/login [] []
[2024-06-04T21:32:14.295416+02:00] info.INFO: Użytkowanik o ip: ::1 prosi o akcje: /megusta/index [] []
[2024-06-04T21:34:17.897784+02:00] info.INFO: Użytkowanik o ip: ::1 prosi o akcje: /megusta/index [] []
[2024-06-04T21:35:14.397752+02:00] info.INFO: Użytkowanik o ip: ::1 prosi o akcje: /megusta/index [] []
[2024-06-04T21:38:29.917226+02:00] info.INFO: Użytkowanik o ip: ::1 prosi o akcje: /megusta/index [] []
[2024-06-04T21:38:41.818154+02:00] info.INFO: Użytkowanik o ip: ::1 prosi o akcje: /megusta/index [] []
[2024-06-04T21:39:20.227351+02:00] info.INFO: Użytkowanik o ip: ::1 prosi o akcje: /megusta/index [] []
[2024-06-04T21:39:24.593234+02:00] info.INFO: Użytkowanik o ip: ::1 prosi o akcje: /megusta/index [] []
[2024-06-04T21:40:29.493323+02:00] info.INFO: Użytkowanik o ip: ::1 prosi o akcje: /megusta/index [] []
[2024-06-04T21:40:41.898903+02:00] info.INFO: Użytkowanik o ip: ::1 prosi o akcje: /megusta/about [] []
[2024-06-04T21:40:43.446975+02:00] info.INFO: Użytkowanik o ip: ::1 prosi o akcje: /megusta/kontakt [] []
[2024-06-04T21:40:45.132839+02:00] info.INFO: Użytkowanik o ip: ::1 prosi o akcje: /megusta/login [] []
[2024-06-04T21:41:35.724078+02:00] info.INFO: Użytkowanik o ip: ::1 prosi o akcje: /megusta/index [] []
[2024-06-04T21:41:44.004854+02:00] info.INFO: Użytkowanik o ip: ::1 prosi o akcje: /megusta/index [] []
[2024-06-04T21:42:06.189113+02:00] info.INFO: Użytkowanik o ip: ::1 prosi o akcje: /megusta/index [] []
[2024-06-04T22:07:24.380591+02:00] info.INFO: Użytkowanik o ip: ::1 prosi o akcje: /megusta/login [] []
[2024-06-04T22:07:55.348114+02:00] info.INFO: Użytkowanik o ip: ::1 prosi o akcje: /megusta/bdlogin [] []
[2024-06-04T22:07:58.642305+02:00] info.INFO: Użytkowanik o ip: ::1 prosi o akcje: /megusta/login [] []
[2024-06-04T22:08:02.883860+02:00] info.INFO: Użytkowanik o ip: ::1 prosi o akcje: /megusta/bdlogin [] []
[2024-06-04T22:08:05.580156+02:00] info.INFO: Użytkowanik o ip: ::1 prosi o akcje: /megusta/login [] []
[2024-06-04T22:08:11.512298+02:00] info.INFO: Zalogowano nowego użytkownika: kierownikprojektu12@gmail.com [] []
[2024-06-04T22:08:11.756560+02:00] info.INFO: Użytkowanik o ip: ::1 prosi o akcje: /megusta/logged [] []
[2024-06-04T22:08:34.166823+02:00] info.INFO: Użytkowanik o ip: ::1 prosi o akcje: /megusta/index [] []
[2024-06-04T22:20:30.936057+02:00] info.INFO: Użytkowanik o ip: ::1 prosi o akcje: /megusta/index [] []
[2024-06-04T22:23:27.771420+02:00] info.INFO: Użytkowanik o ip: ::1 prosi o akcje: /megusta/index [] []
[2024-06-04T22:23:43.875798+02:00] info.INFO: Użytkowanik o ip: ::1 prosi o akcje: /megusta/index [] []
[2024-06-04T22:24:07.520456+02:00] info.INFO: Użytkowanik o ip: ::1 prosi o akcje: /megusta/index [] []
[2024-06-04T22:24:09.680543+02:00] info.INFO: Użytkowanik o ip: ::1 prosi o akcje: /megusta/index [] []
[2024-06-04T22:24:35.829840+02:00] info.INFO: Użytkowanik o ip: ::1 prosi o akcje: /megusta/index [] []
[2024-06-04T22:24:52.934749+02:00] info.INFO: Użytkowanik o ip: ::1 prosi o akcje: /megusta/index [] []
