[2024-06-07T12:32:20.433560+02:00] info.INFO: Użytkowanik o ip: ::1 prosi o akcje: /megusta/ [] []
[2024-06-07T12:32:20.475951+02:00] info.INFO: Użytkowanik o ip: ::1 prosi o akcje: /megusta/index [] []
[2024-06-07T12:32:22.669044+02:00] info.INFO: Użytkowanik o ip: ::1 prosi o akcje: /megusta/login [] []
[2024-06-07T12:32:39.201676+02:00] info.INFO: Użytkowanik o ip: ::1 prosi o akcje: /megusta/login [] []
[2024-06-07T12:32:51.146338+02:00] info.INFO: Użytkowanik o ip: ::1 prosi o akcje: /megusta/bdlogin [] []
[2024-06-07T12:32:52.601494+02:00] info.INFO: Użytkowanik o ip: ::1 prosi o akcje: /megusta/login [] []
[2024-06-07T12:34:00.932545+02:00] info.INFO: Użytkowanik o ip: ::1 prosi o akcje: /megusta/bdlogin [] []
[2024-06-07T12:34:02.380354+02:00] info.INFO: Użytkowanik o ip: ::1 prosi o akcje: /megusta/login [] []
[2024-06-07T12:42:57.075136+02:00] info.INFO: Użytkowanik o ip: ::1 prosi o akcje: /megusta/bdlogin [] []
[2024-06-07T12:43:26.864954+02:00] info.INFO: Użytkowanik o ip: ::1 prosi o akcje: /megusta/login [] []
[2024-06-07T12:43:32.402051+02:00] info.INFO: Użytkowanik o ip: ::1 prosi o akcje: /megusta/bdlogin [] []
[2024-06-07T12:50:06.255292+02:00] info.INFO: Użytkowanik o ip: ::1 prosi o akcje: /megusta/index [] []
[2024-06-07T12:50:07.377091+02:00] info.INFO: Użytkowanik o ip: ::1 prosi o akcje: /megusta/index [] []
[2024-06-07T12:54:00.366118+02:00] info.INFO: Użytkowanik o ip: ::1 prosi o akcje: /megusta/login [] []
[2024-06-07T12:54:05.382454+02:00] info.INFO: Zalogowano nowego użytkownika: kierownikprojektu12@gmail.com [] []
[2024-06-07T12:54:05.405315+02:00] info.INFO: Użytkowanik o ip: ::1 prosi o akcje: /megusta/logged [] []
[2024-06-07T13:23:31.142531+02:00] info.INFO: Użytkowanik o ip: ::1 prosi o akcje: /megusta/index [] []
[2024-06-07T13:39:00.452156+02:00] info.INFO: Użytkowanik o ip: ::1 prosi o akcje: /megusta/ [] []
[2024-06-07T13:39:00.475922+02:00] info.INFO: Użytkowanik o ip: ::1 prosi o akcje: /megusta/index [] []
[2024-06-07T13:39:03.071485+02:00] info.INFO: Użytkowanik o ip: ::1 prosi o akcje: /megusta/login [] []
[2024-06-07T13:39:14.561347+02:00] info.INFO: Zalogowano nowego użytkownika: kierownikprojektu12@gmail.com [] []
[2024-06-07T13:39:14.598486+02:00] info.INFO: Użytkowanik o ip: ::1 prosi o akcje: /megusta/logged [] []
